[ 2014-12-23T09:10:22+08:00 ] 127.0.0.1 /item/home/Login
INFO: [ route_check ] --START--
INFO: CheckRoute Behavior ::run [ RunTime:0.001804s ]
INFO: [ route_check ] --END-- [ RunTime:0.001941s ]
INFO: [ app_begin ] --START--
INFO: ReadHtmlCache Behavior ::run [ RunTime:0.001372s ]
INFO: [ app_begin ] --END-- [ RunTime:0.001499s ]
INFO: [ view_parse ] --START--
INFO: ParseTemplate Behavior ::run [ RunTime:0.060765s ]
INFO: [ view_parse ] --END-- [ RunTime:0.060874s ]
INFO: [ view_filter ] --START--
INFO: ContentReplace Behavior ::run [ RunTime:0.001070s ]
INFO: TokenBuild Behavior ::run [ RunTime:0.000981s ]
INFO: WriteHtmlCache Behavior ::run [ RunTime:0.000908s ]
INFO: ShowRuntime Behavior ::run [ RunTime:0.001309s ]
INFO: [ view_filter ] --END-- [ RunTime:0.004501s ]
INFO: [ view_end ] --START--
INFO: ShowPageTrace Behavior ::run [ RunTime:0.001415s ]
INFO: [ view_end ] --END-- [ RunTime:0.001499s ]

[ 2014-12-23T09:10:22+08:00 ] 127.0.0.1 /Item/home/Login/verify
INFO: [ route_check ] --START--
INFO: CheckRoute Behavior ::run [ RunTime:0.001212s ]
INFO: [ route_check ] --END-- [ RunTime:0.001327s ]
INFO: [ app_begin ] --START--
INFO: ReadHtmlCache Behavior ::run [ RunTime:0.000738s ]
INFO: [ app_begin ] --END-- [ RunTime:0.000816s ]

