[ 2014-12-30T09:16:45+08:00 ] 127.0.0.1 /Item/Home/Login
INFO: [ route_check ] --START--
INFO: CheckRoute Behavior ::run [ RunTime:0.002870s ]
INFO: [ route_check ] --END-- [ RunTime:0.003077s ]
INFO: [ app_begin ] --START--
INFO: ReadHtmlCache Behavior ::run [ RunTime:0.002817s ]
INFO: [ app_begin ] --END-- [ RunTime:0.002971s ]
INFO: [ view_parse ] --START--
INFO: ParseTemplate Behavior ::run [ RunTime:0.217817s ]
INFO: [ view_parse ] --END-- [ RunTime:0.217956s ]
INFO: [ view_filter ] --START--
INFO: ContentReplace Behavior ::run [ RunTime:0.011263s ]
INFO: TokenBuild Behavior ::run [ RunTime:0.001755s ]
INFO: WriteHtmlCache Behavior ::run [ RunTime:0.001608s ]
INFO: ShowRuntime Behavior ::run [ RunTime:0.001961s ]
INFO: [ view_filter ] --END-- [ RunTime:0.016911s ]
INFO: [ view_end ] --START--
INFO: ShowPageTrace Behavior ::run [ RunTime:0.011028s ]
INFO: [ view_end ] --END-- [ RunTime:0.011169s ]

[ 2014-12-30T09:16:46+08:00 ] 127.0.0.1 /Item/Home/Login/verify
INFO: [ route_check ] --START--
INFO: CheckRoute Behavior ::run [ RunTime:0.001319s ]
INFO: [ route_check ] --END-- [ RunTime:0.001436s ]
INFO: [ app_begin ] --START--
INFO: ReadHtmlCache Behavior ::run [ RunTime:0.001365s ]
INFO: [ app_begin ] --END-- [ RunTime:0.001482s ]

