[ 2014-12-24T14:41:19+08:00 ] 127.0.0.1 /Item/Home/Login
INFO: [ route_check ] --START--
INFO: CheckRoute Behavior ::run [ RunTime:0.101127s ]
INFO: [ route_check ] --END-- [ RunTime:0.133470s ]
INFO: [ app_begin ] --START--
INFO: ReadHtmlCache Behavior ::run [ RunTime:0.090022s ]
INFO: [ app_begin ] --END-- [ RunTime:0.090152s ]
INFO: [ view_parse ] --START--
INFO: ParseTemplate Behavior ::run [ RunTime:0.792985s ]
INFO: [ view_parse ] --END-- [ RunTime:0.793158s ]
INFO: [ view_filter ] --START--
INFO: ContentReplace Behavior ::run [ RunTime:0.035935s ]
INFO: TokenBuild Behavior ::run [ RunTime:0.001570s ]
INFO: WriteHtmlCache Behavior ::run [ RunTime:0.001380s ]
INFO: ShowRuntime Behavior ::run [ RunTime:0.002066s ]
INFO: [ view_filter ] --END-- [ RunTime:0.041333s ]
INFO: [ view_end ] --START--
INFO: ShowPageTrace Behavior ::run [ RunTime:0.055671s ]
INFO: [ view_end ] --END-- [ RunTime:0.055813s ]

[ 2014-12-24T14:41:21+08:00 ] 127.0.0.1 /Item/Home/Login/verify
INFO: [ route_check ] --START--
INFO: CheckRoute Behavior ::run [ RunTime:0.002191s ]
INFO: [ route_check ] --END-- [ RunTime:0.002546s ]
INFO: [ app_begin ] --START--
INFO: ReadHtmlCache Behavior ::run [ RunTime:0.001238s ]
INFO: [ app_begin ] --END-- [ RunTime:0.001364s ]

